  [4;36;1mSQL (0.1ms)[0m   [0;1mSET NAMES 'utf8'[0m
  [4;35;1mSQL (0.1ms)[0m   [0mSET SQL_AUTO_IS_NULL=0[0m


Processing Rails::InfoController#properties (for 127.0.0.1 at 2010-05-20 05:57:52) [GET]
  [4;36;1mSQL (0.2ms)[0m   [0;1mSHOW TABLES[0m
  [4;35;1mSQL (0.1ms)[0m   [0mSELECT version FROM schema_migrations[0m
Completed in 18ms (View: 2, DB: 0) | 200 OK [http://localhost/rails/info/properties]
  [4;36;1mSQL (0.1ms)[0m   [0;1mSET NAMES 'utf8'[0m
  [4;35;1mSQL (0.0ms)[0m   [0mSET SQL_AUTO_IS_NULL=0[0m
  [4;36;1mSQL (0.2ms)[0m   [0;1mSHOW TABLES[0m
  [4;35;1mSQL (111.7ms)[0m   [0mCREATE TABLE `schema_migrations` (`version` varchar(255) NOT NULL) ENGINE=InnoDB[0m
  [4;36;1mSQL (235.7ms)[0m   [0;1mCREATE UNIQUE INDEX `unique_schema_migrations` ON `schema_migrations` (`version`)[0m
  [4;35;1mSQL (0.2ms)[0m   [0mSHOW TABLES[0m
  [4;36;1mSQL (0.1ms)[0m   [0;1mSELECT version FROM schema_migrations[0m
Migrating to CreateDrugs (20100520110214)
  [4;35;1mSQL (107.0ms)[0m   [0mCREATE TABLE `drugs` (`id` int(11) DEFAULT NULL auto_increment PRIMARY KEY, `substrate_name` varchar(255), `class_name` varchar(255), `status` tinyint(1), `created_at` datetime, `updated_at` datetime) ENGINE=InnoDB[0m
  [4;36;1mSQL (66.6ms)[0m   [0;1mINSERT INTO schema_migrations (version) VALUES ('20100520110214')[0m
  [4;35;1mSQL (0.2ms)[0m   [0mSHOW TABLES[0m
  [4;36;1mSQL (0.1ms)[0m   [0;1mSELECT version FROM schema_migrations[0m
  [4;35;1mSQL (0.1ms)[0m   [0mSHOW TABLES[0m
  [4;36;1mSQL (0.4ms)[0m   [0;1mSHOW FIELDS FROM `drugs`[0m
  [4;35;1mSQL (0.3ms)[0m   [0mdescribe `drugs`[0m
  [4;36;1mSQL (0.1ms)[0m   [0;1mSHOW KEYS FROM `drugs`[0m
  [4;36;1mSQL (0.1ms)[0m   [0;1mSET NAMES 'utf8'[0m
  [4;35;1mSQL (0.1ms)[0m   [0mSET SQL_AUTO_IS_NULL=0[0m
  [4;36;1mSQL (0.2ms)[0m   [0;1mSHOW TABLES[0m
  [4;35;1mSQL (0.0ms)[0m   [0mSELECT version FROM schema_migrations[0m
Migrating to CreateDrugs (20100520110214)
  [4;36;1mSQL (0.2ms)[0m   [0;1mSHOW TABLES[0m
  [4;35;1mSQL (0.0ms)[0m   [0mSELECT version FROM schema_migrations[0m
  [4;36;1mSQL (0.1ms)[0m   [0;1mSHOW TABLES[0m
  [4;35;1mSQL (0.4ms)[0m   [0mSHOW FIELDS FROM `drugs`[0m
  [4;36;1mSQL (0.3ms)[0m   [0;1mdescribe `drugs`[0m
  [4;35;1mSQL (0.1ms)[0m   [0mSHOW KEYS FROM `drugs`[0m
  [4;36;1mSQL (0.1ms)[0m   [0;1mSET NAMES 'utf8'[0m
  [4;35;1mSQL (0.1ms)[0m   [0mSET SQL_AUTO_IS_NULL=0[0m


Processing DrugsController#index (for 127.0.0.1 at 2010-05-20 06:04:25) [GET]
  [4;36;1mDrug Load (0.2ms)[0m   [0;1mSELECT * FROM `drugs` [0m
Rendering template within layouts/drugs
Rendering drugs/index
Completed in 20ms (View: 14, DB: 0) | 200 OK [http://localhost/drugs]
  [4;35;1mSQL (0.1ms)[0m   [0mSET NAMES 'utf8'[0m
  [4;36;1mSQL (0.0ms)[0m   [0;1mSET SQL_AUTO_IS_NULL=0[0m


Processing DrugsController#new (for 127.0.0.1 at 2010-05-20 06:06:21) [GET]
  [4;35;1mDrug Columns (0.5ms)[0m   [0mSHOW FIELDS FROM `drugs`[0m
Rendering template within layouts/drugs
Rendering drugs/new
Completed in 13ms (View: 7, DB: 1) | 200 OK [http://localhost/drugs/new]
